#
# A fatal error has been detected by the Java Runtime Environment:
#
#  SIGFPE (0x8) at pc=0x00007fb84b1847af, pid=10372, tid=140429796243200
#
# JRE version: OpenJDK Runtime Environment (7.0_75-b13) (build 1.7.0_75-b13)
# Java VM: OpenJDK 64-Bit Server VM (24.75-b04 mixed mode linux-amd64 compressed oops)
# Derivative: IcedTea 2.5.4
# Distribution: Ubuntu 14.04 LTS, package 7u75-2.5.4-1~trusty1
# Problematic frame:
# C  [libopencv_java2410.so+0x41c7af]  cv::inRange(cv::_InputArray const&, cv::_InputArray const&, cv::_InputArray const&, cv::_OutputArray const&)+0x42f
#
# Failed to write core dump. Core dumps have been disabled. To enable core dumping, try "ulimit -c unlimited" before starting Java again
#
# If you would like to submit a bug report, please include
# instructions on how to reproduce the bug and visit:
#   http://icedtea.classpath.org/bugzilla
# The crash happened outside the Java Virtual Machine in native code.
# See problematic frame for where to report the bug.
#

---------------  T H R E A D  ---------------

Current thread (0x00007fb8440a7800):  JavaThread "Thread-0" [_thread_in_native, id=10397, stack(0x00007fb85c0ef000,0x00007fb85c1f0000)]

siginfo:si_signo=SIGFPE: si_errno=0, si_code=1 (FPE_INTDIV), si_addr=0x00007fb84b1847af

Registers:
RAX=0x00000000000003ff, RBX=0x00007fb85c1ee730, RCX=0x0000000000000006, RDX=0x0000000000000000
RSP=0x00007fb85c1ed0b0, RBP=0x0000000000010000, RSI=0x0000000000000000, RDI=0x0000000000000006
R8 =0x0000000000000004, R9 =0x0000000000000000, R10=0x00007fb85c1ee450, R11=0x00007fb84b184380
R12=0x0000000000020000, R13=0x0000000000000001, R14=0x0000000000000001, R15=0x0000000000000000
RIP=0x00007fb84b1847af, EFLAGS=0x0000000000010246, CSGSFS=0x0000000000000033, ERR=0x0000000000000000
  TRAPNO=0x0000000000000000

Top of Stack: (sp=0x00007fb85c1ed0b0)
0x00007fb85c1ed0b0:   00007fb85c1ed270 00007fb8a7f003a9
0x00007fb85c1ed0c0:   0000000000000000 00007fb800000008
0x00007fb85c1ed0d0:   00007fb8a7f00301 00007fb85c1ee730
0x00007fb85c1ed0e0:   00007fb8440a7800 0000000000000000
0x00007fb85c1ed0f0:   00007fb85c1ed8b0 00007fb8a7b7eefe
0x00007fb85c1ed100:   00007fb86c002398 00007fb8440a79d8
0x00007fb85c1ed110:   00007fb800000000 00007fb85c1ed0c8
0x00007fb85c1ed120:   00007fb86c0023a8 00007fb85c1ed4a0
0x00007fb85c1ed130:   00007fb86c0023b0 00007fb85c1ed440
0x00007fb85c1ed140:   0000003001010010 00007fb85c1ee000
0x00007fb85c1ed150:   00007fb85c1ed3e0 000000078da3cad8
0x00007fb85c1ed160:   00007fb85c1ed930 0000000000000000
0x00007fb85c1ed170:   00007fb85c1ed190 000000078e496698
0x00007fb85c1ed180:   00007fb800000000 00007fb860000101
0x00007fb85c1ed190:   00007fb85c1ed1b0 00007fb85c1ed140
0x00007fb85c1ed1a0:   00007fb85c1ed188 0000000800000002
0x00007fb85c1ed1b0:   00007fb85c1ed501 00007fb8a796011d
0x00007fb85c1ed1c0:   00007fb85c1ed870 00007fb85c1ed178
0x00007fb85c1ed1d0:   00007fb85c1ed1b9 0000000800000001
0x00007fb85c1ed1e0:   00007fb85c1ed800 00007fb85c1ed880
0x00007fb85c1ed1f0:   00007fb800000000 0000000600000000
0x00007fb85c1ed200:   00007fb85c1ed3d0 00007fb85c1ed230
0x00007fb85c1ed210:   00007fb860001008 00007fb860000c30
0x00007fb85c1ed220:   00007fb85c1ed290 00007fb860000c20
0x00007fb85c1ed230:   0000000000000000 00007fb800000001
0x00007fb85c1ed240:   00007fb8a82f0f70 0000005000000000
0x00007fb85c1ed250:   000000000000001a 0000000000000000
0x00007fb85c1ed260:   0000000000000728 00007fb860000c30
0x00007fb85c1ed270:   00007fb85c1ed920 00007fb89d006233
0x00007fb85c1ed280:   00007fb89d005310 00007fb800000000
0x00007fb85c1ed290:   00007fb85c1ed980 00007fb85c1ed930
0x00007fb85c1ed2a0:   00007fb8440a7800 00007fb8a0015aa0 

Instructions: (pc=0x00007fb84b1847af)
0x00007fb84b18478f:   03 00 00 48 63 d6 48 8b 44 d0 f8 48 89 44 24 38
0x00007fb84b18479f:   48 05 ff 03 00 00 31 d2 48 8b 5c 24 28 45 31 c9
0x00007fb84b1847af:   48 f7 74 24 38 41 b8 ff ff ff ff 31 c9 48 8b 94
0x00007fb84b1847bf:   24 70 03 00 00 48 89 df 49 89 c4 48 8b 03 c7 04 

Register to memory mapping:

RAX=0x00000000000003ff is an unknown value
RBX=0x00007fb85c1ee730 is pointing into the stack for thread: 0x00007fb8440a7800
RCX=0x0000000000000006 is an unknown value
RDX=0x0000000000000000 is an unknown value
RSP=0x00007fb85c1ed0b0 is pointing into the stack for thread: 0x00007fb8440a7800
RBP=0x0000000000010000 is an unknown value
RSI=0x0000000000000000 is an unknown value
RDI=0x0000000000000006 is an unknown value
R8 =0x0000000000000004 is an unknown value
R9 =0x0000000000000000 is an unknown value
R10=0x00007fb85c1ee450 is pointing into the stack for thread: 0x00007fb8440a7800
R11=0x00007fb84b184380: _ZN2cv7inRangeERKNS_11_InputArrayES2_S2_RKNS_12_OutputArrayE+0 in /home/duxman/git/duxman-raspberry-car/DetectarCirculos/lib/libopencv_java2410.so at 0x00007fb84ad68000
R12=0x0000000000020000 is an unknown value
R13=0x0000000000000001 is an unknown value
R14=0x0000000000000001 is an unknown value
R15=0x0000000000000000 is an unknown value


Stack: [0x00007fb85c0ef000,0x00007fb85c1f0000],  sp=0x00007fb85c1ed0b0,  free space=1016k
Native frames: (J=compiled Java code, j=interpreted, Vv=VM code, C=native code)
C  [libopencv_java2410.so+0x41c7af]  cv::inRange(cv::_InputArray const&, cv::_InputArray const&, cv::_InputArray const&, cv::_OutputArray const&)+0x42f
