#
# A fatal error has been detected by the Java Runtime Environment:
#
#  SIGFPE (0x8) at pc=0x00007fb4bf0847af, pid=9271, tid=140413887571712
#
# JRE version: OpenJDK Runtime Environment (7.0_75-b13) (build 1.7.0_75-b13)
# Java VM: OpenJDK 64-Bit Server VM (24.75-b04 mixed mode linux-amd64 compressed oops)
# Derivative: IcedTea 2.5.4
# Distribution: Ubuntu 14.04 LTS, package 7u75-2.5.4-1~trusty1
# Problematic frame:
# C  [libopencv_java2410.so+0x41c7af]  cv::inRange(cv::_InputArray const&, cv::_InputArray const&, cv::_InputArray const&, cv::_OutputArray const&)+0x42f
#
# Failed to write core dump. Core dumps have been disabled. To enable core dumping, try "ulimit -c unlimited" before starting Java again
#
# If you would like to submit a bug report, please include
# instructions on how to reproduce the bug and visit:
#   http://icedtea.classpath.org/bugzilla
# The crash happened outside the Java Virtual Machine in native code.
# See problematic frame for where to report the bug.
#

---------------  T H R E A D  ---------------

Current thread (0x00007fb4b80b3800):  JavaThread "Thread-0" [_thread_in_native, id=9302, stack(0x00007fb4a7d3e000,0x00007fb4a7e3f000)]

siginfo:si_signo=SIGFPE: si_errno=0, si_code=1 (FPE_INTDIV), si_addr=0x00007fb4bf0847af

Registers:
RAX=0x00000000000003ff, RBX=0x00007fb4a7e3d620, RCX=0x0000000000000006, RDX=0x0000000000000000
RSP=0x00007fb4a7e3bfa0, RBP=0x0000000000010000, RSI=0x0000000000000000, RDI=0x0000000000000006
R8 =0x0000000000000004, R9 =0x0000000000000000, R10=0x00007fb4a7e3d340, R11=0x00007fb4bf084380
R12=0x0000000000020000, R13=0x0000000000000001, R14=0x0000000000000001, R15=0x0000000000000000
RIP=0x00007fb4bf0847af, EFLAGS=0x0000000000010246, CSGSFS=0x0000000000000033, ERR=0x0000000000000000
  TRAPNO=0x0000000000000000

Top of Stack: (sp=0x00007fb4a7e3bfa0)
0x00007fb4a7e3bfa0:   00007fb4a7e3c160 00007fb527be83a9
0x00007fb4a7e3bfb0:   0000000000000000 00007fb400000008
0x00007fb4a7e3bfc0:   00007fb527be8301 00007fb4a7e3d620
0x00007fb4a7e3bfd0:   00007fb4b80b3800 0000000000000000
0x00007fb4a7e3bfe0:   00007fb4a7e3c7a0 00007fb527866efe
0x00007fb4a7e3bff0:   00007fb4d8106608 00007fb4b80b39d8
0x00007fb4a7e3c000:   00007fb400000000 00007fb4a7e3c7e8
0x00007fb4a7e3c010:   00007fb4d8106618 00007fb4a7e3c390
0x00007fb4a7e3c020:   00007fb4d8106620 00007fb4a7e3c330
0x00007fb4a7e3c030:   0000003001010010 00007fb4a7e3cef0
0x00007fb4a7e3c040:   00007fb4a7e3c2d0 000000078da3cb90
0x00007fb4a7e3c050:   00007fb4a7e3c820 0000000000000000
0x00007fb4a7e3c060:   00007fb4d8106648 000000078e80c388
0x00007fb4a7e3c070:   00007fb500000000 0000000000000079
0x00007fb4a7e3c080:   00007fb4a0071988 00007fb4a7e3bfa0
0x00007fb4a7e3c090:   00007fb4d8106668 00007fb4b80ac000
0x00007fb4a7e3c0a0:   00007fb4d8106160 00007fb4d8100170
0x00007fb4a7e3c0b0:   00007fb4d8106548 00007fb4a7e3c068
0x00007fb4a7e3c0c0:   00007fb4a7e3c0a9 0000000800000001
0x00007fb4a7e3c0d0:   00007fb4d8106500 00007fb4d8106640
0x00007fb4a7e3c0e0:   00007fb400000000 0000000000000000
0x00007fb4a7e3c0f0:   00007fb4a7e3cac0 00007fb4a7e3c010
0x00007fb4a7e3c100:   00007fb4a7e3c8f8 00007fb51d0062b3
0x00007fb4a7e3c110:   00007fb51d005310 0000000700000000
0x00007fb4a7e3c120:   00007fb4a7e3c988 00007fb4a7e3c930
0x00007fb4a7e3c130:   00007fb4b80b3800 0000005000000000
0x00007fb4a7e3c140:   000000000000001a 0000000000000000
0x00007fb4a7e3c150:   0000000000000728 00007fb4d8106170
0x00007fb4a7e3c160:   00007fb4a7e3c810 00007fb51d0062b3
0x00007fb4a7e3c170:   00007fb51d005310 00007fb400000000
0x00007fb4a7e3c180:   00007fb4a7e3c870 00007fb4a7e3c820
0x00007fb4a7e3c190:   00007fb4b80b3800 00007fb520018140 

Instructions: (pc=0x00007fb4bf0847af)
0x00007fb4bf08478f:   03 00 00 48 63 d6 48 8b 44 d0 f8 48 89 44 24 38
0x00007fb4bf08479f:   48 05 ff 03 00 00 31 d2 48 8b 5c 24 28 45 31 c9
0x00007fb4bf0847af:   48 f7 74 24 38 41 b8 ff ff ff ff 31 c9 48 8b 94
0x00007fb4bf0847bf:   24 70 03 00 00 48 89 df 49 89 c4 48 8b 03 c7 04 

Register to memory mapping:

RAX=0x00000000000003ff is an unknown value
RBX=0x00007fb4a7e3d620 is pointing into the stack for thread: 0x00007fb4b80b3800
RCX=0x0000000000000006 is an unknown value
RDX=0x0000000000000000 is an unknown value
RSP=0x00007fb4a7e3bfa0 is pointing into the stack for thread: 0x00007fb4b80b3800
RBP=0x0000000000010000 is an unknown value
RSI=0x0000000000000000 is an unknown value
RDI=0x0000000000000006 is an unknown value
R8 =0x0000000000000004 is an unknown value
R9 =0x0000000000000000 is an unknown value
R10=0x00007fb4a7e3d340 is pointing into the stack for thread: 0x00007fb4b80b3800
R11=0x00007fb4bf084380: _ZN2cv7inRangeERKNS_11_InputArrayES2_S2_RKNS_12_OutputArrayE+0 in /home/duxman/git/duxman-raspberry-car/DetectarCirculos/lib/libopencv_java2410.so at 0x00007fb4bec68000
R12=0x0000000000020000 is an unknown value
R13=0x0000000000000001 is an unknown value
R14=0x0000000000000001 is an unknown value
R15=0x0000000000000000 is an unknown value


Stack: [0x00007fb4a7d3e000,0x00007fb4a7e3f000],  sp=0x00007fb4a7e3bfa0,  free space=1015k
Native frames: (J=compiled Java code, j=interpreted, Vv=VM code, C=native code)
C  [libopencv_java2410.so+0x41c7af]  cv::inRange(cv::_InputArray const&, cv::_InputArray const&, cv::_InputArray const&, cv::_OutputArray const&)+0x42f
