#
# A fatal error has been detected by the Java Runtime Environment:
#
#  SIGFPE (0x8) at pc=0x00007f50451fc7af, pid=9351, tid=139981405415168
#
# JRE version: OpenJDK Runtime Environment (7.0_75-b13) (build 1.7.0_75-b13)
# Java VM: OpenJDK 64-Bit Server VM (24.75-b04 mixed mode linux-amd64 compressed oops)
# Derivative: IcedTea 2.5.4
# Distribution: Ubuntu 14.04 LTS, package 7u75-2.5.4-1~trusty1
# Problematic frame:
# C  [libopencv_java2410.so+0x41c7af]  cv::inRange(cv::_InputArray const&, cv::_InputArray const&, cv::_InputArray const&, cv::_OutputArray const&)+0x42f
#
# Failed to write core dump. Core dumps have been disabled. To enable core dumping, try "ulimit -c unlimited" before starting Java again
#
# If you would like to submit a bug report, please include
# instructions on how to reproduce the bug and visit:
#   http://icedtea.classpath.org/bugzilla
# The crash happened outside the Java Virtual Machine in native code.
# See problematic frame for where to report the bug.
#

---------------  T H R E A D  ---------------

Current thread (0x00007f500c0b1000):  JavaThread "Thread-0" [_thread_in_native, id=9381, stack(0x00007f4ff5e1e000,0x00007f4ff5f1f000)]

siginfo:si_signo=SIGFPE: si_errno=0, si_code=1 (FPE_INTDIV), si_addr=0x00007f50451fc7af

Registers:
RAX=0x00000000000003ff, RBX=0x00007f4ff5f1d620, RCX=0x0000000000000006, RDX=0x0000000000000000
RSP=0x00007f4ff5f1bfa0, RBP=0x0000000000010000, RSI=0x0000000000000000, RDI=0x0000000000000006
R8 =0x0000000000000004, R9 =0x0000000000000000, R10=0x00007f4ff5f1d340, R11=0x00007f50451fc380
R12=0x0000000000020000, R13=0x0000000000000001, R14=0x0000000000000001, R15=0x0000000000000000
RIP=0x00007f50451fc7af, EFLAGS=0x0000000000010246, CSGSFS=0x0000000000000033, ERR=0x0000000000000000
  TRAPNO=0x0000000000000000

Top of Stack: (sp=0x00007f4ff5f1bfa0)
0x00007f4ff5f1bfa0:   00007f4ff5f1c160 00007f5075d403a9
0x00007f4ff5f1bfb0:   0000000000000000 00007f5000000008
0x00007f4ff5f1bfc0:   00007f5075d40301 00007f4ff5f1d620
0x00007f4ff5f1bfd0:   00007f500c0b1000 0000000000000000
0x00007f4ff5f1bfe0:   00007f4ff5f1c7a0 00007f50759beefe
0x00007f4ff5f1bff0:   00007f5020194bc8 00007f500c0b11d8
0x00007f4ff5f1c000:   00007f5000000000 00007f4ff5f1c7e8
0x00007f4ff5f1c010:   00007f5020194bd8 00007f4ff5f1c390
0x00007f4ff5f1c020:   00007f5020194be0 00007f4ff5f1c330
0x00007f4ff5f1c030:   0000003001010010 00007f4ff5f1cef0
0x00007f4ff5f1c040:   00007f4ff5f1c2d0 000000078da3cb58
0x00007f4ff5f1c050:   00007f4ff5f1c820 0000000000000000
0x00007f4ff5f1c060:   00007f5020194c08 000000078e80c360
0x00007f4ff5f1c070:   00007f5000000000 0000000000000079
0x00007f4ff5f1c080:   00007f4ff0071988 00007f4ff5f1bfa0
0x00007f4ff5f1c090:   00007f5020194c28 00007f500c0a9e40
0x00007f4ff5f1c0a0:   00007f502006e130 00007f5020060140
0x00007f4ff5f1c0b0:   00007f502006e518 00007f4ff5f1c068
0x00007f4ff5f1c0c0:   00007f4ff5f1c0a9 0000000800000001
0x00007f4ff5f1c0d0:   00007f5020194b00 00007f5020194c00
0x00007f4ff5f1c0e0:   00007f5000000000 0000000000000000
0x00007f4ff5f1c0f0:   00007f4ff5f1cac0 00007f4ff5f1c010
0x00007f4ff5f1c100:   00007f4ff5f1c8f8 00007f506bebe2b3
0x00007f4ff5f1c110:   00007f506bebd310 0000000700000000
0x00007f4ff5f1c120:   00007f4ff5f1c988 00007f4ff5f1c930
0x00007f4ff5f1c130:   00007f500c0b1000 0000005000000000
0x00007f4ff5f1c140:   000000000000001a 0000000000000000
0x00007f4ff5f1c150:   0000000000000728 00007f502006e140
0x00007f4ff5f1c160:   00007f4ff5f1c810 00007f506bebe2b3
0x00007f4ff5f1c170:   00007f506bebd310 00007f5000000000
0x00007f4ff5f1c180:   00007f4ff5f1c870 00007f4ff5f1c820
0x00007f4ff5f1c190:   00007f500c0b1000 00007f5070018140 

Instructions: (pc=0x00007f50451fc7af)
0x00007f50451fc78f:   03 00 00 48 63 d6 48 8b 44 d0 f8 48 89 44 24 38
0x00007f50451fc79f:   48 05 ff 03 00 00 31 d2 48 8b 5c 24 28 45 31 c9
0x00007f50451fc7af:   48 f7 74 24 38 41 b8 ff ff ff ff 31 c9 48 8b 94
0x00007f50451fc7bf:   24 70 03 00 00 48 89 df 49 89 c4 48 8b 03 c7 04 

Register to memory mapping:

RAX=0x00000000000003ff is an unknown value
RBX=0x00007f4ff5f1d620 is pointing into the stack for thread: 0x00007f500c0b1000
RCX=0x0000000000000006 is an unknown value
RDX=0x0000000000000000 is an unknown value
RSP=0x00007f4ff5f1bfa0 is pointing into the stack for thread: 0x00007f500c0b1000
RBP=0x0000000000010000 is an unknown value
RSI=0x0000000000000000 is an unknown value
RDI=0x0000000000000006 is an unknown value
R8 =0x0000000000000004 is an unknown value
R9 =0x0000000000000000 is an unknown value
R10=0x00007f4ff5f1d340 is pointing into the stack for thread: 0x00007f500c0b1000
R11=0x00007f50451fc380: _ZN2cv7inRangeERKNS_11_InputArrayES2_S2_RKNS_12_OutputArrayE+0 in /home/duxman/git/duxman-raspberry-car/DetectarCirculos/lib/libopencv_java2410.so at 0x00007f5044de0000
R12=0x0000000000020000 is an unknown value
R13=0x0000000000000001 is an unknown value
R14=0x0000000000000001 is an unknown value
R15=0x0000000000000000 is an unknown value


Stack: [0x00007f4ff5e1e000,0x00007f4ff5f1f000],  sp=0x00007f4ff5f1bfa0,  free space=1015k
Native frames: (J=compiled Java code, j=interpreted, Vv=VM code, C=native code)
C  [libopencv_java2410.so+0x41c7af]  cv::inRange(cv::_InputArray const&, cv::_InputArray const&, cv::_InputArray const&, cv::_OutputArray const&)+0x42f
